Copyright 1986-2016 Xilinx, Inc. All Rights Reserved.
-----------------------------------------------------------------------------------------
| Tool Version      : Vivado v.2016.2 (win64) Build 1577090 Thu Jun  2 16:32:40 MDT 2016
| Date              : Fri Dec 09 22:03:51 2016
| Host              : DESKTOP-OF4GKCQ running 64-bit major release  (build 9200)
| Command           : report_clock_utilization -file Main_clock_utilization_routed.rpt
| Design            : Main
| Device            : 7a35t-cpg236
| Speed File        : -1  PRODUCTION 1.14 2014-09-11
| Temperature Grade : C
-----------------------------------------------------------------------------------------

Clock Utilization Report

Table of Contents
-----------------
1. Clock Primitive Utilization
2. Global Clock Resources
3. Global Clock Source Details
4. Local Clock Details
5. Clock Regions: Key Resource Utilization
6. Clock Regions : Global Clock Summary
7. Cell Type Counts per Global Clock: Region X0Y0
8. Cell Type Counts per Global Clock: Region X1Y0
9. Cell Type Counts per Global Clock: Region X1Y1
10. Load Cell Placement Summary for Global Clock g0
11. Load Cell Placement Summary for Global Clock g1
12. Load Cell Placement Summary for Global Clock g2
13. Load Cell Placement Summary for Global Clock g3
14. Load Cell Placement Summary for Global Clock g4
15. Load Cell Placement Summary for Global Clock g5
16. Load Cell Placement Summary for Global Clock g6
17. Load Cell Placement Summary for Global Clock g7
18. Load Cell Placement Summary for Global Clock g8
19. Load Cell Placement Summary for Global Clock g9
20. Load Cell Placement Summary for Global Clock g10
21. Load Cell Placement Summary for Global Clock g11

1. Clock Primitive Utilization
------------------------------

+----------+------+-----------+-----+--------------+--------+
| Type     | Used | Available | LOC | Clock Region | Pblock |
+----------+------+-----------+-----+--------------+--------+
| BUFGCTRL |   12 |        32 |   0 |            0 |      0 |
| BUFH     |    0 |        72 |   0 |            0 |      0 |
| BUFIO    |    0 |        20 |   0 |            0 |      0 |
| BUFMR    |    0 |        10 |   0 |            0 |      0 |
| BUFR     |    0 |        20 |   0 |            0 |      0 |
| MMCM     |    0 |         5 |   0 |            0 |      0 |
| PLL      |    0 |         5 |   0 |            0 |      0 |
+----------+------+-----------+-----+--------------+--------+


2. Global Clock Resources
-------------------------

+-------+-------+-----------------+------------+----------------+--------------+------+-------------------+---------------+-------------+-----------------+--------------+-------+------------------------+-----------------+
| GlbID | SrcId | Driver Type/Pin | Constraint | Site           | Clock Region | Root | Clock Delay Group | Clock Regions | Clock Loads | Non-Clock Loads | Clock Period | Clock | Driver Pin             | Net             |
+-------+-------+-----------------+------------+----------------+--------------+------+-------------------+---------------+-------------+-----------------+--------------+-------+------------------------+-----------------+
| g0    | src0  | BUFG/O          | None       | BUFGCTRL_X0Y0  | n/a          |      |                   |             2 |          32 |               0 |              |       | n_0_7_BUFG_inst/O      | n_0_7_BUFG      |
| g1    | src1  | BUFG/O          | None       | BUFGCTRL_X0Y1  | n/a          |      |                   |             2 |          32 |               0 |              |       | n_10_921_BUFG_inst/O   | n_10_921_BUFG   |
| g2    | src2  | BUFG/O          | None       | BUFGCTRL_X0Y2  | n/a          |      |                   |             1 |          32 |               0 |              |       | n_11_39_BUFG_inst/O    | n_11_39_BUFG    |
| g3    | src3  | BUFG/O          | None       | BUFGCTRL_X0Y3  | n/a          |      |                   |             1 |          32 |               0 |              |       | n_12_29_BUFG_inst/O    | n_12_29_BUFG    |
| g4    | src4  | BUFG/O          | None       | BUFGCTRL_X0Y4  | n/a          |      |                   |             1 |          32 |               0 |              |       | n_13_28_BUFG_inst/O    | n_13_28_BUFG    |
| g5    | src5  | BUFG/O          | None       | BUFGCTRL_X0Y5  | n/a          |      |                   |             1 |          32 |               0 |              |       | n_1_4_BUFG_inst/O      | n_1_4_BUFG      |
| g6    | src6  | BUFG/O          | None       | BUFGCTRL_X0Y6  | n/a          |      |                   |             1 |          32 |               0 |              |       | n_2_11_BUFG_inst/O     | n_2_11_BUFG     |
| g7    | src7  | BUFG/O          | None       | BUFGCTRL_X0Y7  | n/a          |      |                   |             1 |          32 |               0 |              |       | n_3_6_BUFG_inst/O      | n_3_6_BUFG      |
| g8    | src8  | BUFG/O          | None       | BUFGCTRL_X0Y8  | n/a          |      |                   |             1 |          32 |               0 |              |       | n_4_16_BUFG_inst/O     | n_4_16_BUFG     |
| g9    | src9  | BUFG/O          | None       | BUFGCTRL_X0Y9  | n/a          |      |                   |             1 |          32 |               0 |              |       | n_5_5_BUFG_inst/O      | n_5_5_BUFG      |
| g10   | src10 | BUFG/O          | None       | BUFGCTRL_X0Y10 | n/a          |      |                   |             2 |          32 |               0 |              |       | n_6_40_BUFG_inst/O     | n_6_40_BUFG     |
| g11   | src11 | BUFG/O          | None       | BUFGCTRL_X0Y11 | n/a          |      |                   |             1 |          13 |               0 |              |       | clock_IBUF_BUFG_inst/O | clock_IBUF_BUFG |
+-------+-------+-----------------+------------+----------------+--------------+------+-------------------+---------------+-------------+-----------------+--------------+-------+------------------------+-----------------+
* Note: Multiple constraint types applied to the driver. Please check for potential conflicts.


3. Global Clock Source Details
------------------------------

+-------+--------+-----------------+------------+--------------+--------------+-------------+-----------------+---------------------+--------------+------------------------------+-------------------------+
| SrcID | GlbIDs | Driver Type/Pin | Constraint | Site         | Clock Region | Clock Loads | Non-Clock Loads | Source Clock Period | Source Clock | Driver Pin                   | Net                     |
+-------+--------+-----------------+------------+--------------+--------------+-------------+-----------------+---------------------+--------------+------------------------------+-------------------------+
| src0  | g0     | LUT5/O          | None       | SLICE_X40Y38 | X1Y0         |           0 |               1 |                     |              | n_0_7_BUFG_inst_i_1/O        | n_0_7_BUFG_inst_n_1     |
| src1  | g1     | CARRY4/CO[0]    | None       | SLICE_X37Y49 | X1Y0         |           0 |               1 |                     |              | n_10_921_BUFG_inst_i_1/CO[0] | n_10_921_BUFG_inst_n_11 |
| src2  | g2     | LUT6/O          | None       | SLICE_X44Y40 | X1Y0         |           0 |               1 |                     |              | n_11_39_BUFG_inst_i_1/O      | n_11_39_BUFG_inst_n_12  |
| src3  | g3     | LUT6/O          | None       | SLICE_X38Y35 | X1Y0         |           0 |               1 |                     |              | n_12_29_BUFG_inst_i_1/O      | n_12_29_BUFG_inst_n_13  |
| src4  | g4     | LUT6/O          | None       | SLICE_X36Y40 | X1Y0         |           0 |               1 |                     |              | n_13_28_BUFG_inst_i_1/O      | n_13_28_BUFG_inst_n_14  |
| src5  | g5     | LUT6/O          | None       | SLICE_X40Y38 | X1Y0         |           0 |               1 |                     |              | n_1_4_BUFG_inst_i_1/O        | n_1_4_BUFG_inst_n_2     |
| src6  | g6     | LUT5/O          | None       | SLICE_X41Y36 | X1Y0         |           0 |               1 |                     |              | n_2_11_BUFG_inst_i_1/O       | n_2_11_BUFG_inst_n_3    |
| src7  | g7     | LUT5/O          | None       | SLICE_X40Y40 | X1Y0         |           0 |               1 |                     |              | n_3_6_BUFG_inst_i_1/O        | n_3_6_BUFG_inst_n_4     |
| src8  | g8     | LUT6/O          | None       | SLICE_X40Y37 | X1Y0         |           0 |               1 |                     |              | n_4_16_BUFG_inst_i_1/O       | n_4_16_BUFG_inst_n_5    |
| src9  | g9     | LUT5/O          | None       | SLICE_X40Y40 | X1Y0         |           0 |               1 |                     |              | n_5_5_BUFG_inst_i_1/O        | n_5_5_BUFG_inst_n_6     |
| src10 | g10    | LUT5/O          | None       | SLICE_X36Y40 | X1Y0         |           0 |               1 |                     |              | n_6_40_BUFG_inst_i_1/O       | n_6_40_BUFG_inst_n_7    |
| src11 | g11    | IBUF/O          | IOB_X1Y26  | IOB_X1Y26    | X1Y0         |           0 |               1 |                     |              | clock_IBUF_inst/O            | clock_IBUF              |
+-------+--------+-----------------+------------+--------------+--------------+-------------+-----------------+---------------------+--------------+------------------------------+-------------------------+
* Note: Multiple constraint types applied to the driver. Please check for potential conflicts.


4. Local Clock Details
----------------------

+-------+-----------------+------------+----------+--------------+-------------+-----------------+--------------+-------+------------+-----+
| LocId | Driver Type/Pin | Constraint | Site/BEL | Clock Region | Clock Loads | Non-Clock Loads | Clock Period | Clock | Driver Pin | Net |
+-------+-----------------+------------+----------+--------------+-------------+-----------------+--------------+-------+------------+-----+
* Note: Multiple constraint types applied to the driver. Please check for potential conflicts.


5. Clock Regions: Key Resource Utilization
------------------------------------------

+-------------------+--------------+--------------+--------------+--------------+--------------+--------------+--------------+--------------+--------------+--------------+--------------+--------------+--------------+--------------+--------------+
|                   | Global Clock |     BUFRs    |    BUFMRs    |    BUFIOs    |     MMCM     |      PLL     |      GT      |      PCI     |    ILOGIC    |    OLOGIC    |      FF      |     LUTM     |    RAMB18    |    RAMB36    |    DSP48E2   |
+-------------------+------+-------+------+-------+------+-------+------+-------+------+-------+------+-------+------+-------+------+-------+------+-------+------+-------+------+-------+------+-------+------+-------+------+-------+------+-------+
| Clock Region Name | Used | Avail | Used | Avail | Used | Avail | Used | Avail | Used | Avail | Used | Avail | Used | Avail | Used | Avail | Used | Avail | Used | Avail | Used | Avail | Used | Avail | Used | Avail | Used | Avail | Used | Avail |
+-------------------+------+-------+------+-------+------+-------+------+-------+------+-------+------+-------+------+-------+------+-------+------+-------+------+-------+------+-------+------+-------+------+-------+------+-------+------+-------+
| X0Y0              |    7 |    12 |    0 |     4 |    0 |     2 |    0 |     4 |    0 |     1 |    0 |     1 |    0 |     0 |    0 |     0 |    0 |    50 |    0 |    50 |  171 |  9600 |    2 |  1600 |    0 |     0 |    0 |    10 |    0 |    20 |
| X1Y0              |    7 |    12 |    0 |     4 |    0 |     2 |    0 |     4 |    0 |     1 |    0 |     1 |    0 |     0 |    0 |     0 |    0 |    50 |    0 |    50 |  144 | 12000 |    1 |  1800 |    0 |     0 |    0 |    20 |    0 |    20 |
| X0Y1              |    0 |    12 |    0 |     4 |    0 |     2 |    0 |     4 |    0 |     1 |    0 |     1 |    0 |     0 |    0 |     0 |    0 |    50 |    0 |    50 |    0 |  9600 |    0 |  1600 |    0 |     0 |    0 |    10 |    0 |    20 |
| X1Y1              |    1 |    12 |    0 |     4 |    0 |     2 |    0 |     4 |    0 |     1 |    0 |     1 |    0 |     0 |    0 |     0 |    0 |    50 |    0 |    50 |    3 | 12000 |    0 |  1800 |    0 |     0 |    0 |    20 |    0 |    20 |
| X0Y2              |    0 |    12 |    0 |     4 |    0 |     2 |    0 |     4 |    0 |     1 |    0 |     1 |    0 |     0 |    0 |     0 |    0 |    50 |    0 |    50 |    0 | 14400 |    0 |  1600 |    0 |     0 |    0 |    10 |    0 |    20 |
| X1Y2              |    0 |    12 |    0 |     0 |    0 |     0 |    0 |     0 |    0 |     0 |    0 |     0 |    0 |     5 |    0 |     0 |    0 |     0 |    0 |     0 |    0 |  7600 |    0 |  1200 |    0 |     0 |    0 |     5 |    0 |    20 |
+-------------------+------+-------+------+-------+------+-------+------+-------+------+-------+------+-------+------+-------+------+-------+------+-------+------+-------+------+-------+------+-------+------+-------+------+-------+------+-------+
* Used Global Clocks includes only global clock resources based on load placement but does not consider global clock resources used to traverse a clock region. Therefore the actual total of Used Global Clocks may be higher.
** RAMB36 site can be used as two RAMB18/FIFO18 sites.


6. Clock Regions : Global Clock Summary
---------------------------------------

+----+----+----+
|    | X0 | X1 |
+----+----+----+
| Y2 |  0 |  0 |
| Y1 |  0 |  1 |
| Y0 |  7 |  7 |
+----+----+----+
* Used Global Clocks includes only global clock resources based on load placement but does not consider global clock resources used to traverse a clock region. Therefore the actual total of Used Global Clocks may be higher.


7. Cell Type Counts per Global Clock: Region X0Y0
-------------------------------------------------

+-------+-------+-----------------+------------+-------------+-----------------+----+--------+------+-----+----+------+-----+---------+-----------------+
| GlbID | Track | Driver Type/Pin | Constraint | Clock Loads | Non-Clock Loads | FF | LUTRAM | RAMB | DSP | GT | MMCM | PLL | Hard IP | Net             |
+-------+-------+-----------------+------------+-------------+-----------------+----+--------+------+-----+----+------+-----+---------+-----------------+
| g0    | n/a   | BUFG/O          | None       |           0 |              31 | 31 |      0 |    0 |   0 |  0 |    0 |   0 |       0 | n_0_7_BUFG      |
| g2    | n/a   | BUFG/O          | None       |           0 |              32 | 32 |      0 |    0 |   0 |  0 |    0 |   0 |       0 | n_11_39_BUFG    |
| g3    | n/a   | BUFG/O          | None       |           0 |              32 | 32 |      0 |    0 |   0 |  0 |    0 |   0 |       0 | n_12_29_BUFG    |
| g4    | n/a   | BUFG/O          | None       |           0 |              32 | 32 |      1 |    0 |   0 |  0 |    0 |   0 |       0 | n_13_28_BUFG    |
| g6    | n/a   | BUFG/O          | None       |           0 |              32 | 32 |      1 |    0 |   0 |  0 |    0 |   0 |       0 | n_2_11_BUFG     |
| g10   | n/a   | BUFG/O          | None       |           0 |               1 |  1 |      1 |    0 |   0 |  0 |    0 |   0 |       0 | n_6_40_BUFG     |
| g11   | n/a   | BUFG/O          | None       |           0 |              13 | 13 |      1 |    0 |   0 |  0 |    0 |   0 |       0 | clock_IBUF_BUFG |
+-------+-------+-----------------+------------+-------------+-----------------+----+--------+------+-----+----+------+-----+---------+-----------------+
* Note: Multiple constraint types applied to the driver. Please check for potential conflicts.


8. Cell Type Counts per Global Clock: Region X1Y0
-------------------------------------------------

+-------+-------+-----------------+------------+-------------+-----------------+----+--------+------+-----+----+------+-----+---------+---------------+
| GlbID | Track | Driver Type/Pin | Constraint | Clock Loads | Non-Clock Loads | FF | LUTRAM | RAMB | DSP | GT | MMCM | PLL | Hard IP | Net           |
+-------+-------+-----------------+------------+-------------+-----------------+----+--------+------+-----+----+------+-----+---------+---------------+
| g0    | n/a   | BUFG/O          | None       |           0 |               1 |  1 |      0 |    0 |   0 |  0 |    0 |   0 |       0 | n_0_7_BUFG    |
| g1    | n/a   | BUFG/O          | None       |           0 |              29 | 29 |      0 |    0 |   0 |  0 |    0 |   0 |       0 | n_10_921_BUFG |
| g5    | n/a   | BUFG/O          | None       |           0 |              17 | 17 |      1 |    0 |   0 |  0 |    0 |   0 |       0 | n_1_4_BUFG    |
| g7    | n/a   | BUFG/O          | None       |           0 |              32 | 32 |      0 |    0 |   0 |  0 |    0 |   0 |       0 | n_3_6_BUFG    |
| g8    | n/a   | BUFG/O          | None       |           0 |              32 | 32 |      0 |    0 |   0 |  0 |    0 |   0 |       0 | n_4_16_BUFG   |
| g9    | n/a   | BUFG/O          | None       |           0 |              32 | 32 |      0 |    0 |   0 |  0 |    0 |   0 |       0 | n_5_5_BUFG    |
| g10   | n/a   | BUFG/O          | None       |           0 |               1 |  1 |      0 |    0 |   0 |  0 |    0 |   0 |       0 | n_6_40_BUFG   |
+-------+-------+-----------------+------------+-------------+-----------------+----+--------+------+-----+----+------+-----+---------+---------------+
* Note: Multiple constraint types applied to the driver. Please check for potential conflicts.


9. Cell Type Counts per Global Clock: Region X1Y1
-------------------------------------------------

+-------+-------+-----------------+------------+-------------+-----------------+----+--------+------+-----+----+------+-----+---------+---------------+
| GlbID | Track | Driver Type/Pin | Constraint | Clock Loads | Non-Clock Loads | FF | LUTRAM | RAMB | DSP | GT | MMCM | PLL | Hard IP | Net           |
+-------+-------+-----------------+------------+-------------+-----------------+----+--------+------+-----+----+------+-----+---------+---------------+
| g1    | n/a   | BUFG/O          | None       |           0 |               3 |  3 |      0 |    0 |   0 |  0 |    0 |   0 |       0 | n_10_921_BUFG |
+-------+-------+-----------------+------------+-------------+-----------------+----+--------+------+-----+----+------+-----+---------+---------------+
* Note: Multiple constraint types applied to the driver. Please check for potential conflicts.


10. Load Cell Placement Summary for Global Clock g0
---------------------------------------------------

+-------+-----------------+-------------------+-------+-------------+---------------+----------+-------------+----------+-------------+----+------------+
| GlbID | Driver Type/Pin | Driver Region (D) | Clock | Period (ns) | Waveform (ns) | Root (R) | Slice Loads | IO Loads | Clock Loads | GT | Net        |
+-------+-----------------+-------------------+-------+-------------+---------------+----------+-------------+----------+-------------+----+------------+
| g0    | BUFG/O          | n/a               |       |             |               |          |          32 |        0 |           0 |  0 | n_0_7_BUFG |
+-------+-----------------+-------------------+-------+-------------+---------------+----------+-------------+----------+-------------+----+------------+


+----+-----+----+
|    | X0  | X1 |
+----+-----+----+
| Y2 |   0 |  0 |
| Y1 |   0 |  0 |
| Y0 |  31 |  1 |
+----+-----+----+


11. Load Cell Placement Summary for Global Clock g1
---------------------------------------------------

+-------+-----------------+-------------------+-------+-------------+---------------+----------+-------------+----------+-------------+----+---------------+
| GlbID | Driver Type/Pin | Driver Region (D) | Clock | Period (ns) | Waveform (ns) | Root (R) | Slice Loads | IO Loads | Clock Loads | GT | Net           |
+-------+-----------------+-------------------+-------+-------------+---------------+----------+-------------+----------+-------------+----+---------------+
| g1    | BUFG/O          | n/a               |       |             |               |          |          32 |        0 |           0 |  0 | n_10_921_BUFG |
+-------+-----------------+-------------------+-------+-------------+---------------+----------+-------------+----------+-------------+----+---------------+


+----+----+-----+
|    | X0 | X1  |
+----+----+-----+
| Y2 |  0 |   0 |
| Y1 |  0 |   3 |
| Y0 |  0 |  29 |
+----+----+-----+


12. Load Cell Placement Summary for Global Clock g2
---------------------------------------------------

+-------+-----------------+-------------------+-------+-------------+---------------+----------+-------------+----------+-------------+----+--------------+
| GlbID | Driver Type/Pin | Driver Region (D) | Clock | Period (ns) | Waveform (ns) | Root (R) | Slice Loads | IO Loads | Clock Loads | GT | Net          |
+-------+-----------------+-------------------+-------+-------------+---------------+----------+-------------+----------+-------------+----+--------------+
| g2    | BUFG/O          | n/a               |       |             |               |          |          32 |        0 |           0 |  0 | n_11_39_BUFG |
+-------+-----------------+-------------------+-------+-------------+---------------+----------+-------------+----------+-------------+----+--------------+


+----+-----+----+
|    | X0  | X1 |
+----+-----+----+
| Y2 |   0 |  0 |
| Y1 |   0 |  0 |
| Y0 |  32 |  0 |
+----+-----+----+


13. Load Cell Placement Summary for Global Clock g3
---------------------------------------------------

+-------+-----------------+-------------------+-------+-------------+---------------+----------+-------------+----------+-------------+----+--------------+
| GlbID | Driver Type/Pin | Driver Region (D) | Clock | Period (ns) | Waveform (ns) | Root (R) | Slice Loads | IO Loads | Clock Loads | GT | Net          |
+-------+-----------------+-------------------+-------+-------------+---------------+----------+-------------+----------+-------------+----+--------------+
| g3    | BUFG/O          | n/a               |       |             |               |          |          32 |        0 |           0 |  0 | n_12_29_BUFG |
+-------+-----------------+-------------------+-------+-------------+---------------+----------+-------------+----------+-------------+----+--------------+


+----+-----+----+
|    | X0  | X1 |
+----+-----+----+
| Y2 |   0 |  0 |
| Y1 |   0 |  0 |
| Y0 |  32 |  0 |
+----+-----+----+


14. Load Cell Placement Summary for Global Clock g4
---------------------------------------------------

+-------+-----------------+-------------------+-------+-------------+---------------+----------+-------------+----------+-------------+----+--------------+
| GlbID | Driver Type/Pin | Driver Region (D) | Clock | Period (ns) | Waveform (ns) | Root (R) | Slice Loads | IO Loads | Clock Loads | GT | Net          |
+-------+-----------------+-------------------+-------+-------------+---------------+----------+-------------+----------+-------------+----+--------------+
| g4    | BUFG/O          | n/a               |       |             |               |          |          32 |        0 |           0 |  0 | n_13_28_BUFG |
+-------+-----------------+-------------------+-------+-------------+---------------+----------+-------------+----------+-------------+----+--------------+


+----+-----+----+
|    | X0  | X1 |
+----+-----+----+
| Y2 |   0 |  0 |
| Y1 |   0 |  0 |
| Y0 |  32 |  0 |
+----+-----+----+


15. Load Cell Placement Summary for Global Clock g5
---------------------------------------------------

+-------+-----------------+-------------------+-------+-------------+---------------+----------+-------------+----------+-------------+----+------------+
| GlbID | Driver Type/Pin | Driver Region (D) | Clock | Period (ns) | Waveform (ns) | Root (R) | Slice Loads | IO Loads | Clock Loads | GT | Net        |
+-------+-----------------+-------------------+-------+-------------+---------------+----------+-------------+----------+-------------+----+------------+
| g5    | BUFG/O          | n/a               |       |             |               |          |          17 |        0 |           0 |  0 | n_1_4_BUFG |
+-------+-----------------+-------------------+-------+-------------+---------------+----------+-------------+----------+-------------+----+------------+


+----+----+-----+
|    | X0 | X1  |
+----+----+-----+
| Y2 |  0 |   0 |
| Y1 |  0 |   0 |
| Y0 |  0 |  17 |
+----+----+-----+


16. Load Cell Placement Summary for Global Clock g6
---------------------------------------------------

+-------+-----------------+-------------------+-------+-------------+---------------+----------+-------------+----------+-------------+----+-------------+
| GlbID | Driver Type/Pin | Driver Region (D) | Clock | Period (ns) | Waveform (ns) | Root (R) | Slice Loads | IO Loads | Clock Loads | GT | Net         |
+-------+-----------------+-------------------+-------+-------------+---------------+----------+-------------+----------+-------------+----+-------------+
| g6    | BUFG/O          | n/a               |       |             |               |          |          32 |        0 |           0 |  0 | n_2_11_BUFG |
+-------+-----------------+-------------------+-------+-------------+---------------+----------+-------------+----------+-------------+----+-------------+


+----+-----+----+
|    | X0  | X1 |
+----+-----+----+
| Y2 |   0 |  0 |
| Y1 |   0 |  0 |
| Y0 |  32 |  0 |
+----+-----+----+


17. Load Cell Placement Summary for Global Clock g7
---------------------------------------------------

+-------+-----------------+-------------------+-------+-------------+---------------+----------+-------------+----------+-------------+----+------------+
| GlbID | Driver Type/Pin | Driver Region (D) | Clock | Period (ns) | Waveform (ns) | Root (R) | Slice Loads | IO Loads | Clock Loads | GT | Net        |
+-------+-----------------+-------------------+-------+-------------+---------------+----------+-------------+----------+-------------+----+------------+
| g7    | BUFG/O          | n/a               |       |             |               |          |          32 |        0 |           0 |  0 | n_3_6_BUFG |
+-------+-----------------+-------------------+-------+-------------+---------------+----------+-------------+----------+-------------+----+------------+


+----+----+-----+
|    | X0 | X1  |
+----+----+-----+
| Y2 |  0 |   0 |
| Y1 |  0 |   0 |
| Y0 |  0 |  32 |
+----+----+-----+


18. Load Cell Placement Summary for Global Clock g8
---------------------------------------------------

+-------+-----------------+-------------------+-------+-------------+---------------+----------+-------------+----------+-------------+----+-------------+
| GlbID | Driver Type/Pin | Driver Region (D) | Clock | Period (ns) | Waveform (ns) | Root (R) | Slice Loads | IO Loads | Clock Loads | GT | Net         |
+-------+-----------------+-------------------+-------+-------------+---------------+----------+-------------+----------+-------------+----+-------------+
| g8    | BUFG/O          | n/a               |       |             |               |          |          32 |        0 |           0 |  0 | n_4_16_BUFG |
+-------+-----------------+-------------------+-------+-------------+---------------+----------+-------------+----------+-------------+----+-------------+


+----+----+-----+
|    | X0 | X1  |
+----+----+-----+
| Y2 |  0 |   0 |
| Y1 |  0 |   0 |
| Y0 |  0 |  32 |
+----+----+-----+


19. Load Cell Placement Summary for Global Clock g9
---------------------------------------------------

+-------+-----------------+-------------------+-------+-------------+---------------+----------+-------------+----------+-------------+----+------------+
| GlbID | Driver Type/Pin | Driver Region (D) | Clock | Period (ns) | Waveform (ns) | Root (R) | Slice Loads | IO Loads | Clock Loads | GT | Net        |
+-------+-----------------+-------------------+-------+-------------+---------------+----------+-------------+----------+-------------+----+------------+
| g9    | BUFG/O          | n/a               |       |             |               |          |          32 |        0 |           0 |  0 | n_5_5_BUFG |
+-------+-----------------+-------------------+-------+-------------+---------------+----------+-------------+----------+-------------+----+------------+


+----+----+-----+
|    | X0 | X1  |
+----+----+-----+
| Y2 |  0 |   0 |
| Y1 |  0 |   0 |
| Y0 |  0 |  32 |
+----+----+-----+


20. Load Cell Placement Summary for Global Clock g10
----------------------------------------------------

+-------+-----------------+-------------------+-------+-------------+---------------+----------+-------------+----------+-------------+----+-------------+
| GlbID | Driver Type/Pin | Driver Region (D) | Clock | Period (ns) | Waveform (ns) | Root (R) | Slice Loads | IO Loads | Clock Loads | GT | Net         |
+-------+-----------------+-------------------+-------+-------------+---------------+----------+-------------+----------+-------------+----+-------------+
| g10   | BUFG/O          | n/a               |       |             |               |          |           2 |        0 |           0 |  0 | n_6_40_BUFG |
+-------+-----------------+-------------------+-------+-------------+---------------+----------+-------------+----------+-------------+----+-------------+


+----+----+----+
|    | X0 | X1 |
+----+----+----+
| Y2 |  0 |  0 |
| Y1 |  0 |  0 |
| Y0 |  1 |  1 |
+----+----+----+


21. Load Cell Placement Summary for Global Clock g11
----------------------------------------------------

+-------+-----------------+-------------------+-------+-------------+---------------+----------+-------------+----------+-------------+----+-----------------+
| GlbID | Driver Type/Pin | Driver Region (D) | Clock | Period (ns) | Waveform (ns) | Root (R) | Slice Loads | IO Loads | Clock Loads | GT | Net             |
+-------+-----------------+-------------------+-------+-------------+---------------+----------+-------------+----------+-------------+----+-----------------+
| g11   | BUFG/O          | n/a               |       |             |               |          |          13 |        0 |           0 |  0 | clock_IBUF_BUFG |
+-------+-----------------+-------------------+-------+-------------+---------------+----------+-------------+----------+-------------+----+-----------------+


+----+-----+----+
|    | X0  | X1 |
+----+-----+----+
| Y2 |   0 |  0 |
| Y1 |   0 |  0 |
| Y0 |  13 |  0 |
+----+-----+----+



# Location of BUFG Primitives 
set_property LOC BUFGCTRL_X0Y10 [get_cells n_6_40_BUFG_inst]
set_property LOC BUFGCTRL_X0Y9 [get_cells n_5_5_BUFG_inst]
set_property LOC BUFGCTRL_X0Y8 [get_cells n_4_16_BUFG_inst]
set_property LOC BUFGCTRL_X0Y7 [get_cells n_3_6_BUFG_inst]
set_property LOC BUFGCTRL_X0Y6 [get_cells n_2_11_BUFG_inst]
set_property LOC BUFGCTRL_X0Y5 [get_cells n_1_4_BUFG_inst]
set_property LOC BUFGCTRL_X0Y4 [get_cells n_13_28_BUFG_inst]
set_property LOC BUFGCTRL_X0Y3 [get_cells n_12_29_BUFG_inst]
set_property LOC BUFGCTRL_X0Y2 [get_cells n_11_39_BUFG_inst]
set_property LOC BUFGCTRL_X0Y1 [get_cells n_10_921_BUFG_inst]
set_property LOC BUFGCTRL_X0Y0 [get_cells n_0_7_BUFG_inst]
set_property LOC BUFGCTRL_X0Y11 [get_cells clock_IBUF_BUFG_inst]

# Location of IO Primitives which is load of clock spine

# Location of clock ports
set_property LOC IOB_X1Y26 [get_ports clock]

# Clock net "n_6_40_BUFG" driven by instance "n_6_40_BUFG_inst" located at site "BUFGCTRL_X0Y10"
#startgroup
create_pblock {CLKAG_n_6_40_BUFG}
add_cells_to_pblock [get_pblocks  {CLKAG_n_6_40_BUFG}] [get_cells -filter { PRIMITIVE_GROUP != I/O && IS_PRIMITIVE==1 && PRIMITIVE_LEVEL !=INTERNAL } -of_object [get_pins -filter {DIRECTION==IN} -of_objects [get_nets -hierarchical -filter {PARENT=="n_6_40_BUFG"}]]]
resize_pblock [get_pblocks {CLKAG_n_6_40_BUFG}] -add {CLOCKREGION_X1Y0:CLOCKREGION_X1Y0}
#endgroup

# Clock net "n_5_5_BUFG" driven by instance "n_5_5_BUFG_inst" located at site "BUFGCTRL_X0Y9"
#startgroup
create_pblock {CLKAG_n_5_5_BUFG}
add_cells_to_pblock [get_pblocks  {CLKAG_n_5_5_BUFG}] [get_cells -filter { PRIMITIVE_GROUP != I/O && IS_PRIMITIVE==1 && PRIMITIVE_LEVEL !=INTERNAL } -of_object [get_pins -filter {DIRECTION==IN} -of_objects [get_nets -hierarchical -filter {PARENT=="n_5_5_BUFG"}]]]
resize_pblock [get_pblocks {CLKAG_n_5_5_BUFG}] -add {CLOCKREGION_X1Y0:CLOCKREGION_X1Y0}
#endgroup

# Clock net "n_4_16_BUFG" driven by instance "n_4_16_BUFG_inst" located at site "BUFGCTRL_X0Y8"
#startgroup
create_pblock {CLKAG_n_4_16_BUFG}
add_cells_to_pblock [get_pblocks  {CLKAG_n_4_16_BUFG}] [get_cells -filter { PRIMITIVE_GROUP != I/O && IS_PRIMITIVE==1 && PRIMITIVE_LEVEL !=INTERNAL } -of_object [get_pins -filter {DIRECTION==IN} -of_objects [get_nets -hierarchical -filter {PARENT=="n_4_16_BUFG"}]]]
resize_pblock [get_pblocks {CLKAG_n_4_16_BUFG}] -add {CLOCKREGION_X1Y0:CLOCKREGION_X1Y0}
#endgroup

# Clock net "n_3_6_BUFG" driven by instance "n_3_6_BUFG_inst" located at site "BUFGCTRL_X0Y7"
#startgroup
create_pblock {CLKAG_n_3_6_BUFG}
add_cells_to_pblock [get_pblocks  {CLKAG_n_3_6_BUFG}] [get_cells -filter { PRIMITIVE_GROUP != I/O && IS_PRIMITIVE==1 && PRIMITIVE_LEVEL !=INTERNAL } -of_object [get_pins -filter {DIRECTION==IN} -of_objects [get_nets -hierarchical -filter {PARENT=="n_3_6_BUFG"}]]]
resize_pblock [get_pblocks {CLKAG_n_3_6_BUFG}] -add {CLOCKREGION_X1Y0:CLOCKREGION_X1Y0}
#endgroup

# Clock net "n_2_11_BUFG" driven by instance "n_2_11_BUFG_inst" located at site "BUFGCTRL_X0Y6"
#startgroup
create_pblock {CLKAG_n_2_11_BUFG}
add_cells_to_pblock [get_pblocks  {CLKAG_n_2_11_BUFG}] [get_cells -filter { PRIMITIVE_GROUP != I/O && IS_PRIMITIVE==1 && PRIMITIVE_LEVEL !=INTERNAL } -of_object [get_pins -filter {DIRECTION==IN} -of_objects [get_nets -hierarchical -filter {PARENT=="n_2_11_BUFG"}]]]
resize_pblock [get_pblocks {CLKAG_n_2_11_BUFG}] -add {CLOCKREGION_X0Y0:CLOCKREGION_X0Y0}
#endgroup

# Clock net "n_1_4_BUFG" driven by instance "n_1_4_BUFG_inst" located at site "BUFGCTRL_X0Y5"
#startgroup
create_pblock {CLKAG_n_1_4_BUFG}
add_cells_to_pblock [get_pblocks  {CLKAG_n_1_4_BUFG}] [get_cells -filter { PRIMITIVE_GROUP != I/O && IS_PRIMITIVE==1 && PRIMITIVE_LEVEL !=INTERNAL } -of_object [get_pins -filter {DIRECTION==IN} -of_objects [get_nets -hierarchical -filter {PARENT=="n_1_4_BUFG"}]]]
resize_pblock [get_pblocks {CLKAG_n_1_4_BUFG}] -add {CLOCKREGION_X1Y0:CLOCKREGION_X1Y0}
#endgroup

# Clock net "n_13_28_BUFG" driven by instance "n_13_28_BUFG_inst" located at site "BUFGCTRL_X0Y4"
#startgroup
create_pblock {CLKAG_n_13_28_BUFG}
add_cells_to_pblock [get_pblocks  {CLKAG_n_13_28_BUFG}] [get_cells -filter { PRIMITIVE_GROUP != I/O && IS_PRIMITIVE==1 && PRIMITIVE_LEVEL !=INTERNAL } -of_object [get_pins -filter {DIRECTION==IN} -of_objects [get_nets -hierarchical -filter {PARENT=="n_13_28_BUFG"}]]]
resize_pblock [get_pblocks {CLKAG_n_13_28_BUFG}] -add {CLOCKREGION_X0Y0:CLOCKREGION_X0Y0}
#endgroup

# Clock net "n_12_29_BUFG" driven by instance "n_12_29_BUFG_inst" located at site "BUFGCTRL_X0Y3"
#startgroup
create_pblock {CLKAG_n_12_29_BUFG}
add_cells_to_pblock [get_pblocks  {CLKAG_n_12_29_BUFG}] [get_cells -filter { PRIMITIVE_GROUP != I/O && IS_PRIMITIVE==1 && PRIMITIVE_LEVEL !=INTERNAL } -of_object [get_pins -filter {DIRECTION==IN} -of_objects [get_nets -hierarchical -filter {PARENT=="n_12_29_BUFG"}]]]
resize_pblock [get_pblocks {CLKAG_n_12_29_BUFG}] -add {CLOCKREGION_X0Y0:CLOCKREGION_X0Y0}
#endgroup

# Clock net "n_11_39_BUFG" driven by instance "n_11_39_BUFG_inst" located at site "BUFGCTRL_X0Y2"
#startgroup
create_pblock {CLKAG_n_11_39_BUFG}
add_cells_to_pblock [get_pblocks  {CLKAG_n_11_39_BUFG}] [get_cells -filter { PRIMITIVE_GROUP != I/O && IS_PRIMITIVE==1 && PRIMITIVE_LEVEL !=INTERNAL } -of_object [get_pins -filter {DIRECTION==IN} -of_objects [get_nets -hierarchical -filter {PARENT=="n_11_39_BUFG"}]]]
resize_pblock [get_pblocks {CLKAG_n_11_39_BUFG}] -add {CLOCKREGION_X0Y0:CLOCKREGION_X0Y0}
#endgroup

# Clock net "n_10_921_BUFG" driven by instance "n_10_921_BUFG_inst" located at site "BUFGCTRL_X0Y1"
#startgroup
create_pblock {CLKAG_n_10_921_BUFG}
add_cells_to_pblock [get_pblocks  {CLKAG_n_10_921_BUFG}] [get_cells -filter { PRIMITIVE_GROUP != I/O && IS_PRIMITIVE==1 && PRIMITIVE_LEVEL !=INTERNAL } -of_object [get_pins -filter {DIRECTION==IN} -of_objects [get_nets -hierarchical -filter {PARENT=="n_10_921_BUFG"}]]]
resize_pblock [get_pblocks {CLKAG_n_10_921_BUFG}] -add {CLOCKREGION_X1Y0:CLOCKREGION_X1Y0 CLOCKREGION_X1Y1:CLOCKREGION_X1Y1}
#endgroup

# Clock net "n_0_7_BUFG" driven by instance "n_0_7_BUFG_inst" located at site "BUFGCTRL_X0Y0"
#startgroup
create_pblock {CLKAG_n_0_7_BUFG}
add_cells_to_pblock [get_pblocks  {CLKAG_n_0_7_BUFG}] [get_cells -filter { PRIMITIVE_GROUP != I/O && IS_PRIMITIVE==1 && PRIMITIVE_LEVEL !=INTERNAL } -of_object [get_pins -filter {DIRECTION==IN} -of_objects [get_nets -hierarchical -filter {PARENT=="n_0_7_BUFG"}]]]
resize_pblock [get_pblocks {CLKAG_n_0_7_BUFG}] -add {CLOCKREGION_X0Y0:CLOCKREGION_X0Y0 CLOCKREGION_X1Y0:CLOCKREGION_X1Y0}
#endgroup

# Clock net "clock_IBUF_BUFG" driven by instance "clock_IBUF_BUFG_inst" located at site "BUFGCTRL_X0Y11"
#startgroup
create_pblock {CLKAG_clock_IBUF_BUFG}
add_cells_to_pblock [get_pblocks  {CLKAG_clock_IBUF_BUFG}] [get_cells -filter { PRIMITIVE_GROUP != I/O && IS_PRIMITIVE==1 && PRIMITIVE_LEVEL !=INTERNAL } -of_object [get_pins -filter {DIRECTION==IN} -of_objects [get_nets -hierarchical -filter {PARENT=="clock_IBUF_BUFG"}]]]
resize_pblock [get_pblocks {CLKAG_clock_IBUF_BUFG}] -add {CLOCKREGION_X0Y0:CLOCKREGION_X0Y0}
#endgroup
