Copyright 1986-2016 Xilinx, Inc. All Rights Reserved.
-------------------------------------------------------------------------------------------------------------------------------------------------
| Tool Version : Vivado v.2016.2 (win64) Build 1577090 Thu Jun  2 16:32:40 MDT 2016
| Date         : Fri Dec 09 22:03:50 2016
| Host         : DESKTOP-OF4GKCQ running 64-bit major release  (build 9200)
| Command      : report_timing_summary -warn_on_violation -max_paths 10 -file Main_timing_summary_routed.rpt -rpx Main_timing_summary_routed.rpx
| Design       : Main
| Device       : 7a35t-cpg236
| Speed File   : -1  PRODUCTION 1.14 2014-09-11
-------------------------------------------------------------------------------------------------------------------------------------------------

Timing Summary Report

------------------------------------------------------------------------------------------------
| Timer Settings
| --------------
------------------------------------------------------------------------------------------------

  Enable Multi Corner Analysis               :  Yes
  Enable Pessimism Removal                   :  Yes
  Pessimism Removal Resolution               :  Nearest Common Node
  Enable Input Delay Default Clock           :  No
  Enable Preset / Clear Arcs                 :  No
  Disable Flight Delays                      :  No
  Ignore I/O Paths                           :  No
  Timing Early Launch at Borrowing Latches   :  false

  Corner  Analyze    Analyze    
  Name    Max Paths  Min Paths  
  ------  ---------  ---------  
  Slow    Yes        Yes        
  Fast    Yes        Yes        



check_timing report

Table of Contents
-----------------
1. checking no_clock
2. checking constant_clock
3. checking pulse_width_clock
4. checking unconstrained_internal_endpoints
5. checking no_input_delay
6. checking no_output_delay
7. checking multiple_clock
8. checking generated_clocks
9. checking loops
10. checking partial_input_delay
11. checking partial_output_delay
12. checking latch_loops

1. checking no_clock
--------------------
 There are 5 register/latch pins with no clock driven by root clock pin: Botones[0] (HIGH)

 There are 5 register/latch pins with no clock driven by root clock pin: Botones[1] (HIGH)

 There are 5 register/latch pins with no clock driven by root clock pin: Botones[2] (HIGH)

 There are 5 register/latch pins with no clock driven by root clock pin: Botones[3] (HIGH)

 There are 13 register/latch pins with no clock driven by root clock pin: clock (HIGH)

 There are 6 register/latch pins with no clock driven by root clock pin: switch (HIGH)

 There are 454 register/latch pins with no clock driven by root clock pin: STATE_reg[0]/G (HIGH)

 There are 459 register/latch pins with no clock driven by root clock pin: STATE_reg[1]/G (HIGH)

 There are 459 register/latch pins with no clock driven by root clock pin: STATE_reg[2]/G (HIGH)

 There are 459 register/latch pins with no clock driven by root clock pin: STATE_reg[3]/G (HIGH)

 There are 459 register/latch pins with no clock driven by root clock pin: STATE_reg[4]/G (HIGH)

 There are 459 register/latch pins with no clock driven by root clock pin: contador_comienzo_reg[0]/G (HIGH)

 There are 491 register/latch pins with no clock driven by root clock pin: contador_comienzo_reg[10]/G (HIGH)

 There are 491 register/latch pins with no clock driven by root clock pin: contador_comienzo_reg[11]/G (HIGH)

 There are 491 register/latch pins with no clock driven by root clock pin: contador_comienzo_reg[12]/G (HIGH)

 There are 491 register/latch pins with no clock driven by root clock pin: contador_comienzo_reg[13]/G (HIGH)

 There are 491 register/latch pins with no clock driven by root clock pin: contador_comienzo_reg[14]/G (HIGH)

 There are 491 register/latch pins with no clock driven by root clock pin: contador_comienzo_reg[15]/G (HIGH)

 There are 491 register/latch pins with no clock driven by root clock pin: contador_comienzo_reg[16]/G (HIGH)

 There are 491 register/latch pins with no clock driven by root clock pin: contador_comienzo_reg[17]/G (HIGH)

 There are 491 register/latch pins with no clock driven by root clock pin: contador_comienzo_reg[18]/G (HIGH)

 There are 491 register/latch pins with no clock driven by root clock pin: contador_comienzo_reg[19]/G (HIGH)

 There are 459 register/latch pins with no clock driven by root clock pin: contador_comienzo_reg[1]/G (HIGH)

 There are 491 register/latch pins with no clock driven by root clock pin: contador_comienzo_reg[20]/G (HIGH)

 There are 491 register/latch pins with no clock driven by root clock pin: contador_comienzo_reg[21]/G (HIGH)

 There are 491 register/latch pins with no clock driven by root clock pin: contador_comienzo_reg[22]/G (HIGH)

 There are 491 register/latch pins with no clock driven by root clock pin: contador_comienzo_reg[23]/G (HIGH)

 There are 491 register/latch pins with no clock driven by root clock pin: contador_comienzo_reg[24]/G (HIGH)

 There are 491 register/latch pins with no clock driven by root clock pin: contador_comienzo_reg[25]/G (HIGH)

 There are 491 register/latch pins with no clock driven by root clock pin: contador_comienzo_reg[26]/G (HIGH)

 There are 491 register/latch pins with no clock driven by root clock pin: contador_comienzo_reg[27]/G (HIGH)

 There are 491 register/latch pins with no clock driven by root clock pin: contador_comienzo_reg[28]/G (HIGH)

 There are 491 register/latch pins with no clock driven by root clock pin: contador_comienzo_reg[29]/G (HIGH)

 There are 459 register/latch pins with no clock driven by root clock pin: contador_comienzo_reg[2]/G (HIGH)

 There are 491 register/latch pins with no clock driven by root clock pin: contador_comienzo_reg[30]/G (HIGH)

 There are 491 register/latch pins with no clock driven by root clock pin: contador_comienzo_reg[31]/G (HIGH)

 There are 459 register/latch pins with no clock driven by root clock pin: contador_comienzo_reg[3]/G (HIGH)

 There are 459 register/latch pins with no clock driven by root clock pin: contador_comienzo_reg[4]/G (HIGH)

 There are 459 register/latch pins with no clock driven by root clock pin: contador_comienzo_reg[5]/G (HIGH)

 There are 491 register/latch pins with no clock driven by root clock pin: contador_comienzo_reg[6]/G (HIGH)

 There are 491 register/latch pins with no clock driven by root clock pin: contador_comienzo_reg[7]/G (HIGH)

 There are 491 register/latch pins with no clock driven by root clock pin: contador_comienzo_reg[8]/G (HIGH)

 There are 491 register/latch pins with no clock driven by root clock pin: contador_comienzo_reg[9]/G (HIGH)

 There are 41 register/latch pins with no clock driven by root clock pin: contador_espera2_reg[0]/G (HIGH)

 There are 73 register/latch pins with no clock driven by root clock pin: contador_espera2_reg[10]/G (HIGH)

 There are 73 register/latch pins with no clock driven by root clock pin: contador_espera2_reg[11]/G (HIGH)

 There are 73 register/latch pins with no clock driven by root clock pin: contador_espera2_reg[12]/G (HIGH)

 There are 73 register/latch pins with no clock driven by root clock pin: contador_espera2_reg[13]/G (HIGH)

 There are 73 register/latch pins with no clock driven by root clock pin: contador_espera2_reg[14]/G (HIGH)

 There are 73 register/latch pins with no clock driven by root clock pin: contador_espera2_reg[15]/G (HIGH)

 There are 73 register/latch pins with no clock driven by root clock pin: contador_espera2_reg[16]/G (HIGH)

 There are 73 register/latch pins with no clock driven by root clock pin: contador_espera2_reg[17]/G (HIGH)

 There are 73 register/latch pins with no clock driven by root clock pin: contador_espera2_reg[18]/G (HIGH)

 There are 73 register/latch pins with no clock driven by root clock pin: contador_espera2_reg[19]/G (HIGH)

 There are 41 register/latch pins with no clock driven by root clock pin: contador_espera2_reg[1]/G (HIGH)

 There are 73 register/latch pins with no clock driven by root clock pin: contador_espera2_reg[20]/G (HIGH)

 There are 73 register/latch pins with no clock driven by root clock pin: contador_espera2_reg[21]/G (HIGH)

 There are 73 register/latch pins with no clock driven by root clock pin: contador_espera2_reg[22]/G (HIGH)

 There are 73 register/latch pins with no clock driven by root clock pin: contador_espera2_reg[23]/G (HIGH)

 There are 73 register/latch pins with no clock driven by root clock pin: contador_espera2_reg[24]/G (HIGH)

 There are 73 register/latch pins with no clock driven by root clock pin: contador_espera2_reg[25]/G (HIGH)

 There are 73 register/latch pins with no clock driven by root clock pin: contador_espera2_reg[26]/G (HIGH)

 There are 73 register/latch pins with no clock driven by root clock pin: contador_espera2_reg[27]/G (HIGH)

 There are 73 register/latch pins with no clock driven by root clock pin: contador_espera2_reg[28]/G (HIGH)

 There are 73 register/latch pins with no clock driven by root clock pin: contador_espera2_reg[29]/G (HIGH)

 There are 41 register/latch pins with no clock driven by root clock pin: contador_espera2_reg[2]/G (HIGH)

 There are 73 register/latch pins with no clock driven by root clock pin: contador_espera2_reg[30]/G (HIGH)

 There are 73 register/latch pins with no clock driven by root clock pin: contador_espera2_reg[31]/G (HIGH)

 There are 41 register/latch pins with no clock driven by root clock pin: contador_espera2_reg[3]/G (HIGH)

 There are 73 register/latch pins with no clock driven by root clock pin: contador_espera2_reg[4]/G (HIGH)

 There are 73 register/latch pins with no clock driven by root clock pin: contador_espera2_reg[5]/G (HIGH)

 There are 73 register/latch pins with no clock driven by root clock pin: contador_espera2_reg[6]/G (HIGH)

 There are 73 register/latch pins with no clock driven by root clock pin: contador_espera2_reg[7]/G (HIGH)

 There are 73 register/latch pins with no clock driven by root clock pin: contador_espera2_reg[8]/G (HIGH)

 There are 73 register/latch pins with no clock driven by root clock pin: contador_espera2_reg[9]/G (HIGH)

 There are 41 register/latch pins with no clock driven by root clock pin: contador_espera3_reg[0]/G (HIGH)

 There are 73 register/latch pins with no clock driven by root clock pin: contador_espera3_reg[10]/G (HIGH)

 There are 73 register/latch pins with no clock driven by root clock pin: contador_espera3_reg[11]/G (HIGH)

 There are 73 register/latch pins with no clock driven by root clock pin: contador_espera3_reg[12]/G (HIGH)

 There are 73 register/latch pins with no clock driven by root clock pin: contador_espera3_reg[13]/G (HIGH)

 There are 73 register/latch pins with no clock driven by root clock pin: contador_espera3_reg[14]/G (HIGH)

 There are 73 register/latch pins with no clock driven by root clock pin: contador_espera3_reg[15]/G (HIGH)

 There are 73 register/latch pins with no clock driven by root clock pin: contador_espera3_reg[16]/G (HIGH)

 There are 73 register/latch pins with no clock driven by root clock pin: contador_espera3_reg[17]/G (HIGH)

 There are 73 register/latch pins with no clock driven by root clock pin: contador_espera3_reg[18]/G (HIGH)

 There are 73 register/latch pins with no clock driven by root clock pin: contador_espera3_reg[19]/G (HIGH)

 There are 41 register/latch pins with no clock driven by root clock pin: contador_espera3_reg[1]/G (HIGH)

 There are 73 register/latch pins with no clock driven by root clock pin: contador_espera3_reg[20]/G (HIGH)

 There are 73 register/latch pins with no clock driven by root clock pin: contador_espera3_reg[21]/G (HIGH)

 There are 73 register/latch pins with no clock driven by root clock pin: contador_espera3_reg[22]/G (HIGH)

 There are 73 register/latch pins with no clock driven by root clock pin: contador_espera3_reg[23]/G (HIGH)

 There are 73 register/latch pins with no clock driven by root clock pin: contador_espera3_reg[24]/G (HIGH)

 There are 73 register/latch pins with no clock driven by root clock pin: contador_espera3_reg[25]/G (HIGH)

 There are 73 register/latch pins with no clock driven by root clock pin: contador_espera3_reg[26]/G (HIGH)

 There are 73 register/latch pins with no clock driven by root clock pin: contador_espera3_reg[27]/G (HIGH)

 There are 73 register/latch pins with no clock driven by root clock pin: contador_espera3_reg[28]/G (HIGH)

 There are 73 register/latch pins with no clock driven by root clock pin: contador_espera3_reg[29]/G (HIGH)

 There are 41 register/latch pins with no clock driven by root clock pin: contador_espera3_reg[2]/G (HIGH)

 There are 73 register/latch pins with no clock driven by root clock pin: contador_espera3_reg[30]/G (HIGH)

 There are 73 register/latch pins with no clock driven by root clock pin: contador_espera3_reg[31]/G (HIGH)

 There are 41 register/latch pins with no clock driven by root clock pin: contador_espera3_reg[3]/G (HIGH)

 There are 73 register/latch pins with no clock driven by root clock pin: contador_espera3_reg[4]/G (HIGH)

 There are 73 register/latch pins with no clock driven by root clock pin: contador_espera3_reg[5]/G (HIGH)

 There are 73 register/latch pins with no clock driven by root clock pin: contador_espera3_reg[6]/G (HIGH)

 There are 73 register/latch pins with no clock driven by root clock pin: contador_espera3_reg[7]/G (HIGH)

 There are 73 register/latch pins with no clock driven by root clock pin: contador_espera3_reg[8]/G (HIGH)

 There are 73 register/latch pins with no clock driven by root clock pin: contador_espera3_reg[9]/G (HIGH)

 There are 37 register/latch pins with no clock driven by root clock pin: contador_espera5_reg[0]/G (HIGH)

 There are 69 register/latch pins with no clock driven by root clock pin: contador_espera5_reg[10]/G (HIGH)

 There are 69 register/latch pins with no clock driven by root clock pin: contador_espera5_reg[11]/G (HIGH)

 There are 69 register/latch pins with no clock driven by root clock pin: contador_espera5_reg[12]/G (HIGH)

 There are 69 register/latch pins with no clock driven by root clock pin: contador_espera5_reg[13]/G (HIGH)

 There are 69 register/latch pins with no clock driven by root clock pin: contador_espera5_reg[14]/G (HIGH)

 There are 69 register/latch pins with no clock driven by root clock pin: contador_espera5_reg[15]/G (HIGH)

 There are 69 register/latch pins with no clock driven by root clock pin: contador_espera5_reg[16]/G (HIGH)

 There are 69 register/latch pins with no clock driven by root clock pin: contador_espera5_reg[17]/G (HIGH)

 There are 69 register/latch pins with no clock driven by root clock pin: contador_espera5_reg[18]/G (HIGH)

 There are 69 register/latch pins with no clock driven by root clock pin: contador_espera5_reg[19]/G (HIGH)

 There are 37 register/latch pins with no clock driven by root clock pin: contador_espera5_reg[1]/G (HIGH)

 There are 69 register/latch pins with no clock driven by root clock pin: contador_espera5_reg[20]/G (HIGH)

 There are 69 register/latch pins with no clock driven by root clock pin: contador_espera5_reg[21]/G (HIGH)

 There are 69 register/latch pins with no clock driven by root clock pin: contador_espera5_reg[22]/G (HIGH)

 There are 69 register/latch pins with no clock driven by root clock pin: contador_espera5_reg[23]/G (HIGH)

 There are 69 register/latch pins with no clock driven by root clock pin: contador_espera5_reg[24]/G (HIGH)

 There are 69 register/latch pins with no clock driven by root clock pin: contador_espera5_reg[25]/G (HIGH)

 There are 69 register/latch pins with no clock driven by root clock pin: contador_espera5_reg[26]/G (HIGH)

 There are 69 register/latch pins with no clock driven by root clock pin: contador_espera5_reg[27]/G (HIGH)

 There are 69 register/latch pins with no clock driven by root clock pin: contador_espera5_reg[28]/G (HIGH)

 There are 69 register/latch pins with no clock driven by root clock pin: contador_espera5_reg[29]/G (HIGH)

 There are 37 register/latch pins with no clock driven by root clock pin: contador_espera5_reg[2]/G (HIGH)

 There are 69 register/latch pins with no clock driven by root clock pin: contador_espera5_reg[30]/G (HIGH)

 There are 69 register/latch pins with no clock driven by root clock pin: contador_espera5_reg[31]/G (HIGH)

 There are 37 register/latch pins with no clock driven by root clock pin: contador_espera5_reg[3]/G (HIGH)

 There are 69 register/latch pins with no clock driven by root clock pin: contador_espera5_reg[4]/G (HIGH)

 There are 69 register/latch pins with no clock driven by root clock pin: contador_espera5_reg[5]/G (HIGH)

 There are 69 register/latch pins with no clock driven by root clock pin: contador_espera5_reg[6]/G (HIGH)

 There are 69 register/latch pins with no clock driven by root clock pin: contador_espera5_reg[7]/G (HIGH)

 There are 69 register/latch pins with no clock driven by root clock pin: contador_espera5_reg[8]/G (HIGH)

 There are 69 register/latch pins with no clock driven by root clock pin: contador_espera5_reg[9]/G (HIGH)

 There are 37 register/latch pins with no clock driven by root clock pin: contador_espera6_reg[0]/G (HIGH)

 There are 69 register/latch pins with no clock driven by root clock pin: contador_espera6_reg[10]/G (HIGH)

 There are 69 register/latch pins with no clock driven by root clock pin: contador_espera6_reg[11]/G (HIGH)

 There are 69 register/latch pins with no clock driven by root clock pin: contador_espera6_reg[12]/G (HIGH)

 There are 69 register/latch pins with no clock driven by root clock pin: contador_espera6_reg[13]/G (HIGH)

 There are 69 register/latch pins with no clock driven by root clock pin: contador_espera6_reg[14]/G (HIGH)

 There are 69 register/latch pins with no clock driven by root clock pin: contador_espera6_reg[15]/G (HIGH)

 There are 69 register/latch pins with no clock driven by root clock pin: contador_espera6_reg[16]/G (HIGH)

 There are 69 register/latch pins with no clock driven by root clock pin: contador_espera6_reg[17]/G (HIGH)

 There are 69 register/latch pins with no clock driven by root clock pin: contador_espera6_reg[18]/G (HIGH)

 There are 69 register/latch pins with no clock driven by root clock pin: contador_espera6_reg[19]/G (HIGH)

 There are 37 register/latch pins with no clock driven by root clock pin: contador_espera6_reg[1]/G (HIGH)

 There are 69 register/latch pins with no clock driven by root clock pin: contador_espera6_reg[20]/G (HIGH)

 There are 69 register/latch pins with no clock driven by root clock pin: contador_espera6_reg[21]/G (HIGH)

 There are 69 register/latch pins with no clock driven by root clock pin: contador_espera6_reg[22]/G (HIGH)

 There are 69 register/latch pins with no clock driven by root clock pin: contador_espera6_reg[23]/G (HIGH)

 There are 69 register/latch pins with no clock driven by root clock pin: contador_espera6_reg[24]/G (HIGH)

 There are 69 register/latch pins with no clock driven by root clock pin: contador_espera6_reg[25]/G (HIGH)

 There are 69 register/latch pins with no clock driven by root clock pin: contador_espera6_reg[26]/G (HIGH)

 There are 69 register/latch pins with no clock driven by root clock pin: contador_espera6_reg[27]/G (HIGH)

 There are 69 register/latch pins with no clock driven by root clock pin: contador_espera6_reg[28]/G (HIGH)

 There are 69 register/latch pins with no clock driven by root clock pin: contador_espera6_reg[29]/G (HIGH)

 There are 37 register/latch pins with no clock driven by root clock pin: contador_espera6_reg[2]/G (HIGH)

 There are 69 register/latch pins with no clock driven by root clock pin: contador_espera6_reg[30]/G (HIGH)

 There are 69 register/latch pins with no clock driven by root clock pin: contador_espera6_reg[31]/G (HIGH)

 There are 37 register/latch pins with no clock driven by root clock pin: contador_espera6_reg[3]/G (HIGH)

 There are 69 register/latch pins with no clock driven by root clock pin: contador_espera6_reg[4]/G (HIGH)

 There are 69 register/latch pins with no clock driven by root clock pin: contador_espera6_reg[5]/G (HIGH)

 There are 69 register/latch pins with no clock driven by root clock pin: contador_espera6_reg[6]/G (HIGH)

 There are 69 register/latch pins with no clock driven by root clock pin: contador_espera6_reg[7]/G (HIGH)

 There are 69 register/latch pins with no clock driven by root clock pin: contador_espera6_reg[8]/G (HIGH)

 There are 69 register/latch pins with no clock driven by root clock pin: contador_espera6_reg[9]/G (HIGH)

 There are 37 register/latch pins with no clock driven by root clock pin: contador_espera7_reg[0]/G (HIGH)

 There are 69 register/latch pins with no clock driven by root clock pin: contador_espera7_reg[10]/G (HIGH)

 There are 69 register/latch pins with no clock driven by root clock pin: contador_espera7_reg[11]/G (HIGH)

 There are 69 register/latch pins with no clock driven by root clock pin: contador_espera7_reg[12]/G (HIGH)

 There are 69 register/latch pins with no clock driven by root clock pin: contador_espera7_reg[13]/G (HIGH)

 There are 69 register/latch pins with no clock driven by root clock pin: contador_espera7_reg[14]/G (HIGH)

 There are 69 register/latch pins with no clock driven by root clock pin: contador_espera7_reg[15]/G (HIGH)

 There are 69 register/latch pins with no clock driven by root clock pin: contador_espera7_reg[16]/G (HIGH)

 There are 69 register/latch pins with no clock driven by root clock pin: contador_espera7_reg[17]/G (HIGH)

 There are 69 register/latch pins with no clock driven by root clock pin: contador_espera7_reg[18]/G (HIGH)

 There are 69 register/latch pins with no clock driven by root clock pin: contador_espera7_reg[19]/G (HIGH)

 There are 37 register/latch pins with no clock driven by root clock pin: contador_espera7_reg[1]/G (HIGH)

 There are 69 register/latch pins with no clock driven by root clock pin: contador_espera7_reg[20]/G (HIGH)

 There are 69 register/latch pins with no clock driven by root clock pin: contador_espera7_reg[21]/G (HIGH)

 There are 69 register/latch pins with no clock driven by root clock pin: contador_espera7_reg[22]/G (HIGH)

 There are 69 register/latch pins with no clock driven by root clock pin: contador_espera7_reg[23]/G (HIGH)

 There are 69 register/latch pins with no clock driven by root clock pin: contador_espera7_reg[24]/G (HIGH)

 There are 69 register/latch pins with no clock driven by root clock pin: contador_espera7_reg[25]/G (HIGH)

 There are 69 register/latch pins with no clock driven by root clock pin: contador_espera7_reg[26]/G (HIGH)

 There are 69 register/latch pins with no clock driven by root clock pin: contador_espera7_reg[27]/G (HIGH)

 There are 69 register/latch pins with no clock driven by root clock pin: contador_espera7_reg[28]/G (HIGH)

 There are 69 register/latch pins with no clock driven by root clock pin: contador_espera7_reg[29]/G (HIGH)

 There are 37 register/latch pins with no clock driven by root clock pin: contador_espera7_reg[2]/G (HIGH)

 There are 69 register/latch pins with no clock driven by root clock pin: contador_espera7_reg[30]/G (HIGH)

 There are 69 register/latch pins with no clock driven by root clock pin: contador_espera7_reg[31]/G (HIGH)

 There are 37 register/latch pins with no clock driven by root clock pin: contador_espera7_reg[3]/G (HIGH)

 There are 69 register/latch pins with no clock driven by root clock pin: contador_espera7_reg[4]/G (HIGH)

 There are 69 register/latch pins with no clock driven by root clock pin: contador_espera7_reg[5]/G (HIGH)

 There are 69 register/latch pins with no clock driven by root clock pin: contador_espera7_reg[6]/G (HIGH)

 There are 69 register/latch pins with no clock driven by root clock pin: contador_espera7_reg[7]/G (HIGH)

 There are 69 register/latch pins with no clock driven by root clock pin: contador_espera7_reg[8]/G (HIGH)

 There are 69 register/latch pins with no clock driven by root clock pin: contador_espera7_reg[9]/G (HIGH)

 There are 41 register/latch pins with no clock driven by root clock pin: contador_espera_reg[0]/G (HIGH)

 There are 73 register/latch pins with no clock driven by root clock pin: contador_espera_reg[10]/G (HIGH)

 There are 73 register/latch pins with no clock driven by root clock pin: contador_espera_reg[11]/G (HIGH)

 There are 73 register/latch pins with no clock driven by root clock pin: contador_espera_reg[12]/G (HIGH)

 There are 73 register/latch pins with no clock driven by root clock pin: contador_espera_reg[13]/G (HIGH)

 There are 73 register/latch pins with no clock driven by root clock pin: contador_espera_reg[14]/G (HIGH)

 There are 73 register/latch pins with no clock driven by root clock pin: contador_espera_reg[15]/G (HIGH)

 There are 73 register/latch pins with no clock driven by root clock pin: contador_espera_reg[16]/G (HIGH)

 There are 73 register/latch pins with no clock driven by root clock pin: contador_espera_reg[17]/G (HIGH)

 There are 73 register/latch pins with no clock driven by root clock pin: contador_espera_reg[18]/G (HIGH)

 There are 73 register/latch pins with no clock driven by root clock pin: contador_espera_reg[19]/G (HIGH)

 There are 41 register/latch pins with no clock driven by root clock pin: contador_espera_reg[1]/G (HIGH)

 There are 73 register/latch pins with no clock driven by root clock pin: contador_espera_reg[20]/G (HIGH)

 There are 73 register/latch pins with no clock driven by root clock pin: contador_espera_reg[21]/G (HIGH)

 There are 73 register/latch pins with no clock driven by root clock pin: contador_espera_reg[22]/G (HIGH)

 There are 73 register/latch pins with no clock driven by root clock pin: contador_espera_reg[23]/G (HIGH)

 There are 73 register/latch pins with no clock driven by root clock pin: contador_espera_reg[24]/G (HIGH)

 There are 73 register/latch pins with no clock driven by root clock pin: contador_espera_reg[25]/G (HIGH)

 There are 73 register/latch pins with no clock driven by root clock pin: contador_espera_reg[26]/G (HIGH)

 There are 73 register/latch pins with no clock driven by root clock pin: contador_espera_reg[27]/G (HIGH)

 There are 73 register/latch pins with no clock driven by root clock pin: contador_espera_reg[28]/G (HIGH)

 There are 73 register/latch pins with no clock driven by root clock pin: contador_espera_reg[29]/G (HIGH)

 There are 41 register/latch pins with no clock driven by root clock pin: contador_espera_reg[2]/G (HIGH)

 There are 73 register/latch pins with no clock driven by root clock pin: contador_espera_reg[30]/G (HIGH)

 There are 73 register/latch pins with no clock driven by root clock pin: contador_espera_reg[31]/G (HIGH)

 There are 41 register/latch pins with no clock driven by root clock pin: contador_espera_reg[3]/G (HIGH)

 There are 73 register/latch pins with no clock driven by root clock pin: contador_espera_reg[4]/G (HIGH)

 There are 73 register/latch pins with no clock driven by root clock pin: contador_espera_reg[5]/G (HIGH)

 There are 73 register/latch pins with no clock driven by root clock pin: contador_espera_reg[6]/G (HIGH)

 There are 73 register/latch pins with no clock driven by root clock pin: contador_espera_reg[7]/G (HIGH)

 There are 73 register/latch pins with no clock driven by root clock pin: contador_espera_reg[8]/G (HIGH)

 There are 73 register/latch pins with no clock driven by root clock pin: contador_espera_reg[9]/G (HIGH)

 There are 5 register/latch pins with no clock driven by root clock pin: contador_tiempo2_reg[0]/G (HIGH)

 There are 5 register/latch pins with no clock driven by root clock pin: contador_tiempo2_reg[10]/G (HIGH)

 There are 5 register/latch pins with no clock driven by root clock pin: contador_tiempo2_reg[11]/G (HIGH)

 There are 5 register/latch pins with no clock driven by root clock pin: contador_tiempo2_reg[12]/G (HIGH)

 There are 5 register/latch pins with no clock driven by root clock pin: contador_tiempo2_reg[13]/G (HIGH)

 There are 5 register/latch pins with no clock driven by root clock pin: contador_tiempo2_reg[14]/G (HIGH)

 There are 5 register/latch pins with no clock driven by root clock pin: contador_tiempo2_reg[15]/G (HIGH)

 There are 5 register/latch pins with no clock driven by root clock pin: contador_tiempo2_reg[16]/G (HIGH)

 There are 5 register/latch pins with no clock driven by root clock pin: contador_tiempo2_reg[17]/G (HIGH)

 There are 5 register/latch pins with no clock driven by root clock pin: contador_tiempo2_reg[18]/G (HIGH)

 There are 5 register/latch pins with no clock driven by root clock pin: contador_tiempo2_reg[19]/G (HIGH)

 There are 5 register/latch pins with no clock driven by root clock pin: contador_tiempo2_reg[1]/G (HIGH)

 There are 5 register/latch pins with no clock driven by root clock pin: contador_tiempo2_reg[20]/G (HIGH)

 There are 5 register/latch pins with no clock driven by root clock pin: contador_tiempo2_reg[21]/G (HIGH)

 There are 5 register/latch pins with no clock driven by root clock pin: contador_tiempo2_reg[22]/G (HIGH)

 There are 5 register/latch pins with no clock driven by root clock pin: contador_tiempo2_reg[23]/G (HIGH)

 There are 5 register/latch pins with no clock driven by root clock pin: contador_tiempo2_reg[24]/G (HIGH)

 There are 5 register/latch pins with no clock driven by root clock pin: contador_tiempo2_reg[25]/G (HIGH)

 There are 5 register/latch pins with no clock driven by root clock pin: contador_tiempo2_reg[26]/G (HIGH)

 There are 5 register/latch pins with no clock driven by root clock pin: contador_tiempo2_reg[27]/G (HIGH)

 There are 5 register/latch pins with no clock driven by root clock pin: contador_tiempo2_reg[28]/G (HIGH)

 There are 5 register/latch pins with no clock driven by root clock pin: contador_tiempo2_reg[29]/G (HIGH)

 There are 5 register/latch pins with no clock driven by root clock pin: contador_tiempo2_reg[2]/G (HIGH)

 There are 5 register/latch pins with no clock driven by root clock pin: contador_tiempo2_reg[30]/G (HIGH)

 There are 5 register/latch pins with no clock driven by root clock pin: contador_tiempo2_reg[31]/G (HIGH)

 There are 5 register/latch pins with no clock driven by root clock pin: contador_tiempo2_reg[3]/G (HIGH)

 There are 5 register/latch pins with no clock driven by root clock pin: contador_tiempo2_reg[4]/G (HIGH)

 There are 5 register/latch pins with no clock driven by root clock pin: contador_tiempo2_reg[5]/G (HIGH)

 There are 5 register/latch pins with no clock driven by root clock pin: contador_tiempo2_reg[6]/G (HIGH)

 There are 5 register/latch pins with no clock driven by root clock pin: contador_tiempo2_reg[7]/G (HIGH)

 There are 5 register/latch pins with no clock driven by root clock pin: contador_tiempo2_reg[8]/G (HIGH)

 There are 5 register/latch pins with no clock driven by root clock pin: contador_tiempo2_reg[9]/G (HIGH)

 There are 5 register/latch pins with no clock driven by root clock pin: contador_tiempo3_reg[0]/G (HIGH)

 There are 5 register/latch pins with no clock driven by root clock pin: contador_tiempo3_reg[10]/G (HIGH)

 There are 5 register/latch pins with no clock driven by root clock pin: contador_tiempo3_reg[11]/G (HIGH)

 There are 5 register/latch pins with no clock driven by root clock pin: contador_tiempo3_reg[12]/G (HIGH)

 There are 5 register/latch pins with no clock driven by root clock pin: contador_tiempo3_reg[13]/G (HIGH)

 There are 5 register/latch pins with no clock driven by root clock pin: contador_tiempo3_reg[14]/G (HIGH)

 There are 5 register/latch pins with no clock driven by root clock pin: contador_tiempo3_reg[15]/G (HIGH)

 There are 5 register/latch pins with no clock driven by root clock pin: contador_tiempo3_reg[16]/G (HIGH)

 There are 5 register/latch pins with no clock driven by root clock pin: contador_tiempo3_reg[17]/G (HIGH)

 There are 5 register/latch pins with no clock driven by root clock pin: contador_tiempo3_reg[18]/G (HIGH)

 There are 5 register/latch pins with no clock driven by root clock pin: contador_tiempo3_reg[19]/G (HIGH)

 There are 5 register/latch pins with no clock driven by root clock pin: contador_tiempo3_reg[1]/G (HIGH)

 There are 5 register/latch pins with no clock driven by root clock pin: contador_tiempo3_reg[20]/G (HIGH)

 There are 5 register/latch pins with no clock driven by root clock pin: contador_tiempo3_reg[21]/G (HIGH)

 There are 5 register/latch pins with no clock driven by root clock pin: contador_tiempo3_reg[22]/G (HIGH)

 There are 5 register/latch pins with no clock driven by root clock pin: contador_tiempo3_reg[23]/G (HIGH)

 There are 5 register/latch pins with no clock driven by root clock pin: contador_tiempo3_reg[24]/G (HIGH)

 There are 5 register/latch pins with no clock driven by root clock pin: contador_tiempo3_reg[25]/G (HIGH)

 There are 5 register/latch pins with no clock driven by root clock pin: contador_tiempo3_reg[26]/G (HIGH)

 There are 5 register/latch pins with no clock driven by root clock pin: contador_tiempo3_reg[27]/G (HIGH)

 There are 5 register/latch pins with no clock driven by root clock pin: contador_tiempo3_reg[28]/G (HIGH)

 There are 5 register/latch pins with no clock driven by root clock pin: contador_tiempo3_reg[29]/G (HIGH)

 There are 5 register/latch pins with no clock driven by root clock pin: contador_tiempo3_reg[2]/G (HIGH)

 There are 5 register/latch pins with no clock driven by root clock pin: contador_tiempo3_reg[30]/G (HIGH)

 There are 5 register/latch pins with no clock driven by root clock pin: contador_tiempo3_reg[31]/G (HIGH)

 There are 5 register/latch pins with no clock driven by root clock pin: contador_tiempo3_reg[3]/G (HIGH)

 There are 5 register/latch pins with no clock driven by root clock pin: contador_tiempo3_reg[4]/G (HIGH)

 There are 5 register/latch pins with no clock driven by root clock pin: contador_tiempo3_reg[5]/G (HIGH)

 There are 5 register/latch pins with no clock driven by root clock pin: contador_tiempo3_reg[6]/G (HIGH)

 There are 5 register/latch pins with no clock driven by root clock pin: contador_tiempo3_reg[7]/G (HIGH)

 There are 5 register/latch pins with no clock driven by root clock pin: contador_tiempo3_reg[8]/G (HIGH)

 There are 5 register/latch pins with no clock driven by root clock pin: contador_tiempo3_reg[9]/G (HIGH)

 There are 5 register/latch pins with no clock driven by root clock pin: contador_tiempo4_reg[0]/G (HIGH)

 There are 5 register/latch pins with no clock driven by root clock pin: contador_tiempo4_reg[10]/G (HIGH)

 There are 5 register/latch pins with no clock driven by root clock pin: contador_tiempo4_reg[11]/G (HIGH)

 There are 5 register/latch pins with no clock driven by root clock pin: contador_tiempo4_reg[12]/G (HIGH)

 There are 5 register/latch pins with no clock driven by root clock pin: contador_tiempo4_reg[13]/G (HIGH)

 There are 5 register/latch pins with no clock driven by root clock pin: contador_tiempo4_reg[14]/G (HIGH)

 There are 5 register/latch pins with no clock driven by root clock pin: contador_tiempo4_reg[15]/G (HIGH)

 There are 5 register/latch pins with no clock driven by root clock pin: contador_tiempo4_reg[16]/G (HIGH)

 There are 5 register/latch pins with no clock driven by root clock pin: contador_tiempo4_reg[17]/G (HIGH)

 There are 5 register/latch pins with no clock driven by root clock pin: contador_tiempo4_reg[18]/G (HIGH)

 There are 5 register/latch pins with no clock driven by root clock pin: contador_tiempo4_reg[19]/G (HIGH)

 There are 5 register/latch pins with no clock driven by root clock pin: contador_tiempo4_reg[1]/G (HIGH)

 There are 5 register/latch pins with no clock driven by root clock pin: contador_tiempo4_reg[20]/G (HIGH)

 There are 5 register/latch pins with no clock driven by root clock pin: contador_tiempo4_reg[21]/G (HIGH)

 There are 5 register/latch pins with no clock driven by root clock pin: contador_tiempo4_reg[22]/G (HIGH)

 There are 5 register/latch pins with no clock driven by root clock pin: contador_tiempo4_reg[23]/G (HIGH)

 There are 5 register/latch pins with no clock driven by root clock pin: contador_tiempo4_reg[24]/G (HIGH)

 There are 5 register/latch pins with no clock driven by root clock pin: contador_tiempo4_reg[25]/G (HIGH)

 There are 5 register/latch pins with no clock driven by root clock pin: contador_tiempo4_reg[26]/G (HIGH)

 There are 5 register/latch pins with no clock driven by root clock pin: contador_tiempo4_reg[27]/G (HIGH)

 There are 5 register/latch pins with no clock driven by root clock pin: contador_tiempo4_reg[28]/G (HIGH)

 There are 5 register/latch pins with no clock driven by root clock pin: contador_tiempo4_reg[29]/G (HIGH)

 There are 5 register/latch pins with no clock driven by root clock pin: contador_tiempo4_reg[2]/G (HIGH)

 There are 5 register/latch pins with no clock driven by root clock pin: contador_tiempo4_reg[30]/G (HIGH)

 There are 5 register/latch pins with no clock driven by root clock pin: contador_tiempo4_reg[31]/G (HIGH)

 There are 5 register/latch pins with no clock driven by root clock pin: contador_tiempo4_reg[3]/G (HIGH)

 There are 5 register/latch pins with no clock driven by root clock pin: contador_tiempo4_reg[4]/G (HIGH)

 There are 5 register/latch pins with no clock driven by root clock pin: contador_tiempo4_reg[5]/G (HIGH)

 There are 5 register/latch pins with no clock driven by root clock pin: contador_tiempo4_reg[6]/G (HIGH)

 There are 5 register/latch pins with no clock driven by root clock pin: contador_tiempo4_reg[7]/G (HIGH)

 There are 5 register/latch pins with no clock driven by root clock pin: contador_tiempo4_reg[8]/G (HIGH)

 There are 5 register/latch pins with no clock driven by root clock pin: contador_tiempo4_reg[9]/G (HIGH)

 There are 5 register/latch pins with no clock driven by root clock pin: contador_tiempo5_reg[0]/G (HIGH)

 There are 37 register/latch pins with no clock driven by root clock pin: contador_tiempo5_reg[10]/G (HIGH)

 There are 37 register/latch pins with no clock driven by root clock pin: contador_tiempo5_reg[11]/G (HIGH)

 There are 37 register/latch pins with no clock driven by root clock pin: contador_tiempo5_reg[12]/G (HIGH)

 There are 37 register/latch pins with no clock driven by root clock pin: contador_tiempo5_reg[13]/G (HIGH)

 There are 37 register/latch pins with no clock driven by root clock pin: contador_tiempo5_reg[14]/G (HIGH)

 There are 37 register/latch pins with no clock driven by root clock pin: contador_tiempo5_reg[15]/G (HIGH)

 There are 37 register/latch pins with no clock driven by root clock pin: contador_tiempo5_reg[16]/G (HIGH)

 There are 37 register/latch pins with no clock driven by root clock pin: contador_tiempo5_reg[17]/G (HIGH)

 There are 37 register/latch pins with no clock driven by root clock pin: contador_tiempo5_reg[18]/G (HIGH)

 There are 37 register/latch pins with no clock driven by root clock pin: contador_tiempo5_reg[19]/G (HIGH)

 There are 37 register/latch pins with no clock driven by root clock pin: contador_tiempo5_reg[1]/G (HIGH)

 There are 37 register/latch pins with no clock driven by root clock pin: contador_tiempo5_reg[20]/G (HIGH)

 There are 37 register/latch pins with no clock driven by root clock pin: contador_tiempo5_reg[21]/G (HIGH)

 There are 37 register/latch pins with no clock driven by root clock pin: contador_tiempo5_reg[22]/G (HIGH)

 There are 37 register/latch pins with no clock driven by root clock pin: contador_tiempo5_reg[23]/G (HIGH)

 There are 37 register/latch pins with no clock driven by root clock pin: contador_tiempo5_reg[24]/G (HIGH)

 There are 37 register/latch pins with no clock driven by root clock pin: contador_tiempo5_reg[25]/G (HIGH)

 There are 37 register/latch pins with no clock driven by root clock pin: contador_tiempo5_reg[26]/G (HIGH)

 There are 37 register/latch pins with no clock driven by root clock pin: contador_tiempo5_reg[27]/G (HIGH)

 There are 37 register/latch pins with no clock driven by root clock pin: contador_tiempo5_reg[28]/G (HIGH)

 There are 37 register/latch pins with no clock driven by root clock pin: contador_tiempo5_reg[29]/G (HIGH)

 There are 37 register/latch pins with no clock driven by root clock pin: contador_tiempo5_reg[2]/G (HIGH)

 There are 37 register/latch pins with no clock driven by root clock pin: contador_tiempo5_reg[30]/G (HIGH)

 There are 37 register/latch pins with no clock driven by root clock pin: contador_tiempo5_reg[31]/G (HIGH)

 There are 37 register/latch pins with no clock driven by root clock pin: contador_tiempo5_reg[3]/G (HIGH)

 There are 37 register/latch pins with no clock driven by root clock pin: contador_tiempo5_reg[4]/G (HIGH)

 There are 37 register/latch pins with no clock driven by root clock pin: contador_tiempo5_reg[5]/G (HIGH)

 There are 37 register/latch pins with no clock driven by root clock pin: contador_tiempo5_reg[6]/G (HIGH)

 There are 37 register/latch pins with no clock driven by root clock pin: contador_tiempo5_reg[7]/G (HIGH)

 There are 37 register/latch pins with no clock driven by root clock pin: contador_tiempo5_reg[8]/G (HIGH)

 There are 37 register/latch pins with no clock driven by root clock pin: contador_tiempo5_reg[9]/G (HIGH)

 There are 5 register/latch pins with no clock driven by root clock pin: contador_tiempo6_reg[0]/G (HIGH)

 There are 37 register/latch pins with no clock driven by root clock pin: contador_tiempo6_reg[10]/G (HIGH)

 There are 37 register/latch pins with no clock driven by root clock pin: contador_tiempo6_reg[11]/G (HIGH)

 There are 37 register/latch pins with no clock driven by root clock pin: contador_tiempo6_reg[12]/G (HIGH)

 There are 37 register/latch pins with no clock driven by root clock pin: contador_tiempo6_reg[13]/G (HIGH)

 There are 37 register/latch pins with no clock driven by root clock pin: contador_tiempo6_reg[14]/G (HIGH)

 There are 37 register/latch pins with no clock driven by root clock pin: contador_tiempo6_reg[15]/G (HIGH)

 There are 37 register/latch pins with no clock driven by root clock pin: contador_tiempo6_reg[16]/G (HIGH)

 There are 37 register/latch pins with no clock driven by root clock pin: contador_tiempo6_reg[17]/G (HIGH)

 There are 37 register/latch pins with no clock driven by root clock pin: contador_tiempo6_reg[18]/G (HIGH)

 There are 37 register/latch pins with no clock driven by root clock pin: contador_tiempo6_reg[19]/G (HIGH)

 There are 37 register/latch pins with no clock driven by root clock pin: contador_tiempo6_reg[1]/G (HIGH)

 There are 37 register/latch pins with no clock driven by root clock pin: contador_tiempo6_reg[20]/G (HIGH)

 There are 37 register/latch pins with no clock driven by root clock pin: contador_tiempo6_reg[21]/G (HIGH)

 There are 37 register/latch pins with no clock driven by root clock pin: contador_tiempo6_reg[22]/G (HIGH)

 There are 37 register/latch pins with no clock driven by root clock pin: contador_tiempo6_reg[23]/G (HIGH)

 There are 37 register/latch pins with no clock driven by root clock pin: contador_tiempo6_reg[24]/G (HIGH)

 There are 37 register/latch pins with no clock driven by root clock pin: contador_tiempo6_reg[25]/G (HIGH)

 There are 37 register/latch pins with no clock driven by root clock pin: contador_tiempo6_reg[26]/G (HIGH)

 There are 37 register/latch pins with no clock driven by root clock pin: contador_tiempo6_reg[27]/G (HIGH)

 There are 37 register/latch pins with no clock driven by root clock pin: contador_tiempo6_reg[28]/G (HIGH)

 There are 37 register/latch pins with no clock driven by root clock pin: contador_tiempo6_reg[29]/G (HIGH)

 There are 37 register/latch pins with no clock driven by root clock pin: contador_tiempo6_reg[2]/G (HIGH)

 There are 37 register/latch pins with no clock driven by root clock pin: contador_tiempo6_reg[30]/G (HIGH)

 There are 37 register/latch pins with no clock driven by root clock pin: contador_tiempo6_reg[31]/G (HIGH)

 There are 37 register/latch pins with no clock driven by root clock pin: contador_tiempo6_reg[3]/G (HIGH)

 There are 37 register/latch pins with no clock driven by root clock pin: contador_tiempo6_reg[4]/G (HIGH)

 There are 37 register/latch pins with no clock driven by root clock pin: contador_tiempo6_reg[5]/G (HIGH)

 There are 37 register/latch pins with no clock driven by root clock pin: contador_tiempo6_reg[6]/G (HIGH)

 There are 37 register/latch pins with no clock driven by root clock pin: contador_tiempo6_reg[7]/G (HIGH)

 There are 37 register/latch pins with no clock driven by root clock pin: contador_tiempo6_reg[8]/G (HIGH)

 There are 37 register/latch pins with no clock driven by root clock pin: contador_tiempo6_reg[9]/G (HIGH)

 There are 5 register/latch pins with no clock driven by root clock pin: contador_tiempo7_reg[0]/G (HIGH)

 There are 37 register/latch pins with no clock driven by root clock pin: contador_tiempo7_reg[10]/G (HIGH)

 There are 37 register/latch pins with no clock driven by root clock pin: contador_tiempo7_reg[11]/G (HIGH)

 There are 37 register/latch pins with no clock driven by root clock pin: contador_tiempo7_reg[12]/G (HIGH)

 There are 37 register/latch pins with no clock driven by root clock pin: contador_tiempo7_reg[13]/G (HIGH)

 There are 37 register/latch pins with no clock driven by root clock pin: contador_tiempo7_reg[14]/G (HIGH)

 There are 37 register/latch pins with no clock driven by root clock pin: contador_tiempo7_reg[15]/G (HIGH)

 There are 37 register/latch pins with no clock driven by root clock pin: contador_tiempo7_reg[16]/G (HIGH)

 There are 37 register/latch pins with no clock driven by root clock pin: contador_tiempo7_reg[17]/G (HIGH)

 There are 37 register/latch pins with no clock driven by root clock pin: contador_tiempo7_reg[18]/G (HIGH)

 There are 37 register/latch pins with no clock driven by root clock pin: contador_tiempo7_reg[19]/G (HIGH)

 There are 37 register/latch pins with no clock driven by root clock pin: contador_tiempo7_reg[1]/G (HIGH)

 There are 37 register/latch pins with no clock driven by root clock pin: contador_tiempo7_reg[20]/G (HIGH)

 There are 37 register/latch pins with no clock driven by root clock pin: contador_tiempo7_reg[21]/G (HIGH)

 There are 37 register/latch pins with no clock driven by root clock pin: contador_tiempo7_reg[22]/G (HIGH)

 There are 37 register/latch pins with no clock driven by root clock pin: contador_tiempo7_reg[23]/G (HIGH)

 There are 37 register/latch pins with no clock driven by root clock pin: contador_tiempo7_reg[24]/G (HIGH)

 There are 37 register/latch pins with no clock driven by root clock pin: contador_tiempo7_reg[25]/G (HIGH)

 There are 37 register/latch pins with no clock driven by root clock pin: contador_tiempo7_reg[26]/G (HIGH)

 There are 37 register/latch pins with no clock driven by root clock pin: contador_tiempo7_reg[27]/G (HIGH)

 There are 37 register/latch pins with no clock driven by root clock pin: contador_tiempo7_reg[28]/G (HIGH)

 There are 37 register/latch pins with no clock driven by root clock pin: contador_tiempo7_reg[29]/G (HIGH)

 There are 37 register/latch pins with no clock driven by root clock pin: contador_tiempo7_reg[2]/G (HIGH)

 There are 37 register/latch pins with no clock driven by root clock pin: contador_tiempo7_reg[30]/G (HIGH)

 There are 37 register/latch pins with no clock driven by root clock pin: contador_tiempo7_reg[31]/G (HIGH)

 There are 37 register/latch pins with no clock driven by root clock pin: contador_tiempo7_reg[3]/G (HIGH)

 There are 37 register/latch pins with no clock driven by root clock pin: contador_tiempo7_reg[4]/G (HIGH)

 There are 37 register/latch pins with no clock driven by root clock pin: contador_tiempo7_reg[5]/G (HIGH)

 There are 37 register/latch pins with no clock driven by root clock pin: contador_tiempo7_reg[6]/G (HIGH)

 There are 37 register/latch pins with no clock driven by root clock pin: contador_tiempo7_reg[7]/G (HIGH)

 There are 37 register/latch pins with no clock driven by root clock pin: contador_tiempo7_reg[8]/G (HIGH)

 There are 37 register/latch pins with no clock driven by root clock pin: contador_tiempo7_reg[9]/G (HIGH)

 There are 5 register/latch pins with no clock driven by root clock pin: contador_tiempo8_reg[0]/G (HIGH)

 There are 37 register/latch pins with no clock driven by root clock pin: contador_tiempo8_reg[10]/G (HIGH)

 There are 37 register/latch pins with no clock driven by root clock pin: contador_tiempo8_reg[11]/G (HIGH)

 There are 37 register/latch pins with no clock driven by root clock pin: contador_tiempo8_reg[12]/G (HIGH)

 There are 37 register/latch pins with no clock driven by root clock pin: contador_tiempo8_reg[13]/G (HIGH)

 There are 37 register/latch pins with no clock driven by root clock pin: contador_tiempo8_reg[14]/G (HIGH)

 There are 37 register/latch pins with no clock driven by root clock pin: contador_tiempo8_reg[15]/G (HIGH)

 There are 37 register/latch pins with no clock driven by root clock pin: contador_tiempo8_reg[16]/G (HIGH)

 There are 37 register/latch pins with no clock driven by root clock pin: contador_tiempo8_reg[17]/G (HIGH)

 There are 37 register/latch pins with no clock driven by root clock pin: contador_tiempo8_reg[18]/G (HIGH)

 There are 37 register/latch pins with no clock driven by root clock pin: contador_tiempo8_reg[19]/G (HIGH)

 There are 37 register/latch pins with no clock driven by root clock pin: contador_tiempo8_reg[1]/G (HIGH)

 There are 37 register/latch pins with no clock driven by root clock pin: contador_tiempo8_reg[20]/G (HIGH)

 There are 37 register/latch pins with no clock driven by root clock pin: contador_tiempo8_reg[21]/G (HIGH)

 There are 37 register/latch pins with no clock driven by root clock pin: contador_tiempo8_reg[22]/G (HIGH)

 There are 37 register/latch pins with no clock driven by root clock pin: contador_tiempo8_reg[23]/G (HIGH)

 There are 37 register/latch pins with no clock driven by root clock pin: contador_tiempo8_reg[24]/G (HIGH)

 There are 37 register/latch pins with no clock driven by root clock pin: contador_tiempo8_reg[25]/G (HIGH)

 There are 37 register/latch pins with no clock driven by root clock pin: contador_tiempo8_reg[26]/G (HIGH)

 There are 37 register/latch pins with no clock driven by root clock pin: contador_tiempo8_reg[27]/G (HIGH)

 There are 37 register/latch pins with no clock driven by root clock pin: contador_tiempo8_reg[28]/G (HIGH)

 There are 37 register/latch pins with no clock driven by root clock pin: contador_tiempo8_reg[29]/G (HIGH)

 There are 37 register/latch pins with no clock driven by root clock pin: contador_tiempo8_reg[2]/G (HIGH)

 There are 37 register/latch pins with no clock driven by root clock pin: contador_tiempo8_reg[30]/G (HIGH)

 There are 37 register/latch pins with no clock driven by root clock pin: contador_tiempo8_reg[31]/G (HIGH)

 There are 37 register/latch pins with no clock driven by root clock pin: contador_tiempo8_reg[3]/G (HIGH)

 There are 37 register/latch pins with no clock driven by root clock pin: contador_tiempo8_reg[4]/G (HIGH)

 There are 37 register/latch pins with no clock driven by root clock pin: contador_tiempo8_reg[5]/G (HIGH)

 There are 37 register/latch pins with no clock driven by root clock pin: contador_tiempo8_reg[6]/G (HIGH)

 There are 37 register/latch pins with no clock driven by root clock pin: contador_tiempo8_reg[7]/G (HIGH)

 There are 37 register/latch pins with no clock driven by root clock pin: contador_tiempo8_reg[8]/G (HIGH)

 There are 37 register/latch pins with no clock driven by root clock pin: contador_tiempo8_reg[9]/G (HIGH)

 There are 37 register/latch pins with no clock driven by root clock pin: contador_tiempo_reg[0]/G (HIGH)

 There are 37 register/latch pins with no clock driven by root clock pin: contador_tiempo_reg[10]/G (HIGH)

 There are 37 register/latch pins with no clock driven by root clock pin: contador_tiempo_reg[11]/G (HIGH)

 There are 37 register/latch pins with no clock driven by root clock pin: contador_tiempo_reg[12]/G (HIGH)

 There are 37 register/latch pins with no clock driven by root clock pin: contador_tiempo_reg[13]/G (HIGH)

 There are 37 register/latch pins with no clock driven by root clock pin: contador_tiempo_reg[14]/G (HIGH)

 There are 37 register/latch pins with no clock driven by root clock pin: contador_tiempo_reg[15]/G (HIGH)

 There are 37 register/latch pins with no clock driven by root clock pin: contador_tiempo_reg[16]/G (HIGH)

 There are 37 register/latch pins with no clock driven by root clock pin: contador_tiempo_reg[17]/G (HIGH)

 There are 37 register/latch pins with no clock driven by root clock pin: contador_tiempo_reg[18]/G (HIGH)

 There are 37 register/latch pins with no clock driven by root clock pin: contador_tiempo_reg[19]/G (HIGH)

 There are 37 register/latch pins with no clock driven by root clock pin: contador_tiempo_reg[1]/G (HIGH)

 There are 37 register/latch pins with no clock driven by root clock pin: contador_tiempo_reg[20]/G (HIGH)

 There are 37 register/latch pins with no clock driven by root clock pin: contador_tiempo_reg[21]/G (HIGH)

 There are 37 register/latch pins with no clock driven by root clock pin: contador_tiempo_reg[22]/G (HIGH)

 There are 37 register/latch pins with no clock driven by root clock pin: contador_tiempo_reg[23]/G (HIGH)

 There are 37 register/latch pins with no clock driven by root clock pin: contador_tiempo_reg[24]/G (HIGH)

 There are 37 register/latch pins with no clock driven by root clock pin: contador_tiempo_reg[25]/G (HIGH)

 There are 37 register/latch pins with no clock driven by root clock pin: contador_tiempo_reg[26]/G (HIGH)

 There are 37 register/latch pins with no clock driven by root clock pin: contador_tiempo_reg[27]/G (HIGH)

 There are 37 register/latch pins with no clock driven by root clock pin: contador_tiempo_reg[28]/G (HIGH)

 There are 37 register/latch pins with no clock driven by root clock pin: contador_tiempo_reg[29]/G (HIGH)

 There are 37 register/latch pins with no clock driven by root clock pin: contador_tiempo_reg[2]/G (HIGH)

 There are 37 register/latch pins with no clock driven by root clock pin: contador_tiempo_reg[30]/G (HIGH)

 There are 37 register/latch pins with no clock driven by root clock pin: contador_tiempo_reg[31]/G (HIGH)

 There are 37 register/latch pins with no clock driven by root clock pin: contador_tiempo_reg[3]/G (HIGH)

 There are 37 register/latch pins with no clock driven by root clock pin: contador_tiempo_reg[4]/G (HIGH)

 There are 37 register/latch pins with no clock driven by root clock pin: contador_tiempo_reg[5]/G (HIGH)

 There are 37 register/latch pins with no clock driven by root clock pin: contador_tiempo_reg[6]/G (HIGH)

 There are 37 register/latch pins with no clock driven by root clock pin: contador_tiempo_reg[7]/G (HIGH)

 There are 37 register/latch pins with no clock driven by root clock pin: contador_tiempo_reg[8]/G (HIGH)

 There are 37 register/latch pins with no clock driven by root clock pin: contador_tiempo_reg[9]/G (HIGH)

 There are 6 register/latch pins with no clock driven by root clock pin: valores_reg/G (HIGH)


2. checking constant_clock
--------------------------
 There are 0 register/latch pins with constant_clock.


3. checking pulse_width_clock
-----------------------------
 There are 0 register/latch pins which need pulse_width check


4. checking unconstrained_internal_endpoints
--------------------------------------------
 There are 510 pins that are not constrained for maximum delay. (HIGH)

 There are 0 pins that are not constrained for maximum delay due to constant clock.


5. checking no_input_delay
--------------------------
 There are 5 input ports with no input delay specified. (HIGH)

 There are 0 input ports with no input delay but user has a false path constraint.


6. checking no_output_delay
---------------------------
 There are 6 ports with no output delay specified. (HIGH)

 There are 0 ports with no output delay but user has a false path constraint

 There are 0 ports with no output delay but with a timing clock defined on it or propagating through it


7. checking multiple_clock
--------------------------
 There are 0 register/latch pins with multiple clocks.


8. checking generated_clocks
----------------------------
 There are 0 generated clocks that are not connected to a clock source.


9. checking loops
-----------------
 There are 0 combinational loops in the design.


10. checking partial_input_delay
--------------------------------
 There are 0 input ports with partial input delay specified.


11. checking partial_output_delay
---------------------------------
 There are 0 ports with partial output delay specified.


12. checking latch_loops
------------------------
 There are 17 combinational latch loops in the design through latch input (HIGH)



------------------------------------------------------------------------------------------------
| Design Timing Summary
| ---------------------
------------------------------------------------------------------------------------------------

    WNS(ns)      TNS(ns)  TNS Failing Endpoints  TNS Total Endpoints      WHS(ns)      THS(ns)  THS Failing Endpoints  THS Total Endpoints     WPWS(ns)     TPWS(ns)  TPWS Failing Endpoints  TPWS Total Endpoints  
    -------      -------  ---------------------  -------------------      -------      -------  ---------------------  -------------------     --------     --------  ----------------------  --------------------  
         NA           NA                     NA                   NA           NA           NA                     NA                   NA           NA           NA                      NA                    NA  


There are no user specified timing constraints.


------------------------------------------------------------------------------------------------
| Clock Summary
| -------------
------------------------------------------------------------------------------------------------


------------------------------------------------------------------------------------------------
| Intra Clock Table
| -----------------
------------------------------------------------------------------------------------------------

Clock             WNS(ns)      TNS(ns)  TNS Failing Endpoints  TNS Total Endpoints      WHS(ns)      THS(ns)  THS Failing Endpoints  THS Total Endpoints     WPWS(ns)     TPWS(ns)  TPWS Failing Endpoints  TPWS Total Endpoints  
-----             -------      -------  ---------------------  -------------------      -------      -------  ---------------------  -------------------     --------     --------  ----------------------  --------------------  


------------------------------------------------------------------------------------------------
| Inter Clock Table
| -----------------
------------------------------------------------------------------------------------------------

From Clock    To Clock          WNS(ns)      TNS(ns)  TNS Failing Endpoints  TNS Total Endpoints      WHS(ns)      THS(ns)  THS Failing Endpoints  THS Total Endpoints  
----------    --------          -------      -------  ---------------------  -------------------      -------      -------  ---------------------  -------------------  


------------------------------------------------------------------------------------------------
| Other Path Groups Table
| -----------------------
------------------------------------------------------------------------------------------------

Path Group    From Clock    To Clock          WNS(ns)      TNS(ns)  TNS Failing Endpoints  TNS Total Endpoints      WHS(ns)      THS(ns)  THS Failing Endpoints  THS Total Endpoints  
----------    ----------    --------          -------      -------  ---------------------  -------------------      -------      -------  ---------------------  -------------------  


------------------------------------------------------------------------------------------------
| Timing Details
| --------------
------------------------------------------------------------------------------------------------


